ERROR - 2026-05-28 14:48:30 --> Cannot delete or update a parent row: a foreign key constraint fails (`my_stock`.`purchases`, CONSTRAINT `fk_purchases_supplier_id` FOREIGN KEY (`supplier_id`) REFERENCES `suppliers` (`id`) ON DELETE RESTRICT ON UPDATE CASCADE)
in SYSTEMPATH\Database\MySQLi\Connection.php on line 300.
 1 SYSTEMPATH\Database\MySQLi\Connection.php(300): mysqli->query('DELETE FROM `suppliers`
WHERE `id` IN (2)', 0)
 2 SYSTEMPATH\Database\BaseConnection.php(910): CodeIgniter\Database\MySQLi\Connection->execute('DELETE FROM `suppliers`
WHERE `id` IN (2)')
 3 SYSTEMPATH\Database\BaseConnection.php(827): CodeIgniter\Database\BaseConnection->simpleQuery('DELETE FROM `suppliers`
WHERE `id` IN (2)')
 4 SYSTEMPATH\Database\BaseBuilder.php(2848): CodeIgniter\Database\BaseConnection->query('DELETE FROM `suppliers`
WHERE `id` IN :id:', [...], false)
 5 SYSTEMPATH\Model.php(441): CodeIgniter\Database\BaseBuilder->delete()
 6 SYSTEMPATH\BaseModel.php(1207): CodeIgniter\Model->doDelete([...], false)
 7 APPPATH\Models\BaseModel.php(34): CodeIgniter\BaseModel->delete([...], false)
 8 APPPATH\Controllers\Api\Suppliers.php(89): App\Models\BaseModel->deleteOne(2)
 9 SYSTEMPATH\CodeIgniter.php(951): App\Controllers\Api\Suppliers->delete(2)
10 SYSTEMPATH\CodeIgniter.php(497): CodeIgniter\CodeIgniter->runController(Object(App\Controllers\Api\Suppliers))
11 SYSTEMPATH\CodeIgniter.php(340): CodeIgniter\CodeIgniter->handleRequest(null, Object(Config\Cache), false)
12 SYSTEMPATH\Boot.php(417): CodeIgniter\CodeIgniter->run()
13 SYSTEMPATH\Boot.php(68): CodeIgniter\Boot::runCodeIgniter(Object(CodeIgniter\CodeIgniter))
14 FCPATH\index.php(59): CodeIgniter\Boot::bootWeb(Object(Config\Paths))
CRITICAL - 2026-05-28 14:48:30 --> CodeIgniter\Database\Exceptions\DatabaseException: Cannot delete or update a parent row: a foreign key constraint fails (`my_stock`.`purchases`, CONSTRAINT `fk_purchases_supplier_id` FOREIGN KEY (`supplier_id`) REFERENCES `suppliers` (`id`) ON DELETE RESTRICT ON UPDATE CASCADE)
[Method: DELETE, Route: api/suppliers/2]
in SYSTEMPATH\Database\BaseConnection.php on line 865.
 1 SYSTEMPATH\Database\BaseBuilder.php(2848): CodeIgniter\Database\BaseConnection->query('DELETE FROM `suppliers`
WHERE `id` IN :id:', [...], false)
 2 SYSTEMPATH\Model.php(441): CodeIgniter\Database\BaseBuilder->delete()
 3 SYSTEMPATH\BaseModel.php(1207): CodeIgniter\Model->doDelete([...], false)
 4 APPPATH\Models\BaseModel.php(34): CodeIgniter\BaseModel->delete([...], false)
 5 APPPATH\Controllers\Api\Suppliers.php(89): App\Models\BaseModel->deleteOne(2)
 6 SYSTEMPATH\CodeIgniter.php(951): App\Controllers\Api\Suppliers->delete(2)
 7 SYSTEMPATH\CodeIgniter.php(497): CodeIgniter\CodeIgniter->runController(Object(App\Controllers\Api\Suppliers))
 8 SYSTEMPATH\CodeIgniter.php(340): CodeIgniter\CodeIgniter->handleRequest(null, Object(Config\Cache), false)
 9 SYSTEMPATH\Boot.php(417): CodeIgniter\CodeIgniter->run()
10 SYSTEMPATH\Boot.php(68): CodeIgniter\Boot::runCodeIgniter(Object(CodeIgniter\CodeIgniter))
11 FCPATH\index.php(59): CodeIgniter\Boot::bootWeb(Object(Config\Paths))
CRITICAL - 2026-05-28 14:48:30 --> [Caused by] CodeIgniter\Database\Exceptions\DatabaseException: Cannot delete or update a parent row: a foreign key constraint fails (`my_stock`.`purchases`, CONSTRAINT `fk_purchases_supplier_id` FOREIGN KEY (`supplier_id`) REFERENCES `suppliers` (`id`) ON DELETE RESTRICT ON UPDATE CASCADE)
in SYSTEMPATH\Database\MySQLi\Connection.php on line 310.
 1 SYSTEMPATH\Database\BaseConnection.php(910): CodeIgniter\Database\MySQLi\Connection->execute('DELETE FROM `suppliers`
WHERE `id` IN (2)')
 2 SYSTEMPATH\Database\BaseConnection.php(827): CodeIgniter\Database\BaseConnection->simpleQuery('DELETE FROM `suppliers`
WHERE `id` IN (2)')
 3 SYSTEMPATH\Database\BaseBuilder.php(2848): CodeIgniter\Database\BaseConnection->query('DELETE FROM `suppliers`
WHERE `id` IN :id:', [...], false)
 4 SYSTEMPATH\Model.php(441): CodeIgniter\Database\BaseBuilder->delete()
 5 SYSTEMPATH\BaseModel.php(1207): CodeIgniter\Model->doDelete([...], false)
 6 APPPATH\Models\BaseModel.php(34): CodeIgniter\BaseModel->delete([...], false)
 7 APPPATH\Controllers\Api\Suppliers.php(89): App\Models\BaseModel->deleteOne(2)
 8 SYSTEMPATH\CodeIgniter.php(951): App\Controllers\Api\Suppliers->delete(2)
 9 SYSTEMPATH\CodeIgniter.php(497): CodeIgniter\CodeIgniter->runController(Object(App\Controllers\Api\Suppliers))
10 SYSTEMPATH\CodeIgniter.php(340): CodeIgniter\CodeIgniter->handleRequest(null, Object(Config\Cache), false)
11 SYSTEMPATH\Boot.php(417): CodeIgniter\CodeIgniter->run()
12 SYSTEMPATH\Boot.php(68): CodeIgniter\Boot::runCodeIgniter(Object(CodeIgniter\CodeIgniter))
13 FCPATH\index.php(59): CodeIgniter\Boot::bootWeb(Object(Config\Paths))
CRITICAL - 2026-05-28 14:48:30 --> [Caused by] mysqli_sql_exception: Cannot delete or update a parent row: a foreign key constraint fails (`my_stock`.`purchases`, CONSTRAINT `fk_purchases_supplier_id` FOREIGN KEY (`supplier_id`) REFERENCES `suppliers` (`id`) ON DELETE RESTRICT ON UPDATE CASCADE)
in SYSTEMPATH\Database\MySQLi\Connection.php on line 300.
 1 SYSTEMPATH\Database\MySQLi\Connection.php(300): mysqli->query('DELETE FROM `suppliers`
WHERE `id` IN (2)', 0)
 2 SYSTEMPATH\Database\BaseConnection.php(910): CodeIgniter\Database\MySQLi\Connection->execute('DELETE FROM `suppliers`
WHERE `id` IN (2)')
 3 SYSTEMPATH\Database\BaseConnection.php(827): CodeIgniter\Database\BaseConnection->simpleQuery('DELETE FROM `suppliers`
WHERE `id` IN (2)')
 4 SYSTEMPATH\Database\BaseBuilder.php(2848): CodeIgniter\Database\BaseConnection->query('DELETE FROM `suppliers`
WHERE `id` IN :id:', [...], false)
 5 SYSTEMPATH\Model.php(441): CodeIgniter\Database\BaseBuilder->delete()
 6 SYSTEMPATH\BaseModel.php(1207): CodeIgniter\Model->doDelete([...], false)
 7 APPPATH\Models\BaseModel.php(34): CodeIgniter\BaseModel->delete([...], false)
 8 APPPATH\Controllers\Api\Suppliers.php(89): App\Models\BaseModel->deleteOne(2)
 9 SYSTEMPATH\CodeIgniter.php(951): App\Controllers\Api\Suppliers->delete(2)
10 SYSTEMPATH\CodeIgniter.php(497): CodeIgniter\CodeIgniter->runController(Object(App\Controllers\Api\Suppliers))
11 SYSTEMPATH\CodeIgniter.php(340): CodeIgniter\CodeIgniter->handleRequest(null, Object(Config\Cache), false)
12 SYSTEMPATH\Boot.php(417): CodeIgniter\CodeIgniter->run()
13 SYSTEMPATH\Boot.php(68): CodeIgniter\Boot::runCodeIgniter(Object(CodeIgniter\CodeIgniter))
14 FCPATH\index.php(59): CodeIgniter\Boot::bootWeb(Object(Config\Paths))
ERROR - 2026-05-28 14:48:32 --> Cannot delete or update a parent row: a foreign key constraint fails (`my_stock`.`purchases`, CONSTRAINT `fk_purchases_supplier_id` FOREIGN KEY (`supplier_id`) REFERENCES `suppliers` (`id`) ON DELETE RESTRICT ON UPDATE CASCADE)
in SYSTEMPATH\Database\MySQLi\Connection.php on line 300.
 1 SYSTEMPATH\Database\MySQLi\Connection.php(300): mysqli->query('DELETE FROM `suppliers`
WHERE `id` IN (2)', 0)
 2 SYSTEMPATH\Database\BaseConnection.php(910): CodeIgniter\Database\MySQLi\Connection->execute('DELETE FROM `suppliers`
WHERE `id` IN (2)')
 3 SYSTEMPATH\Database\BaseConnection.php(827): CodeIgniter\Database\BaseConnection->simpleQuery('DELETE FROM `suppliers`
WHERE `id` IN (2)')
 4 SYSTEMPATH\Database\BaseBuilder.php(2848): CodeIgniter\Database\BaseConnection->query('DELETE FROM `suppliers`
WHERE `id` IN :id:', [...], false)
 5 SYSTEMPATH\Model.php(441): CodeIgniter\Database\BaseBuilder->delete()
 6 SYSTEMPATH\BaseModel.php(1207): CodeIgniter\Model->doDelete([...], false)
 7 APPPATH\Models\BaseModel.php(34): CodeIgniter\BaseModel->delete([...], false)
 8 APPPATH\Controllers\Api\Suppliers.php(89): App\Models\BaseModel->deleteOne(2)
 9 SYSTEMPATH\CodeIgniter.php(951): App\Controllers\Api\Suppliers->delete(2)
10 SYSTEMPATH\CodeIgniter.php(497): CodeIgniter\CodeIgniter->runController(Object(App\Controllers\Api\Suppliers))
11 SYSTEMPATH\CodeIgniter.php(340): CodeIgniter\CodeIgniter->handleRequest(null, Object(Config\Cache), false)
12 SYSTEMPATH\Boot.php(417): CodeIgniter\CodeIgniter->run()
13 SYSTEMPATH\Boot.php(68): CodeIgniter\Boot::runCodeIgniter(Object(CodeIgniter\CodeIgniter))
14 FCPATH\index.php(59): CodeIgniter\Boot::bootWeb(Object(Config\Paths))
CRITICAL - 2026-05-28 14:48:32 --> CodeIgniter\Database\Exceptions\DatabaseException: Cannot delete or update a parent row: a foreign key constraint fails (`my_stock`.`purchases`, CONSTRAINT `fk_purchases_supplier_id` FOREIGN KEY (`supplier_id`) REFERENCES `suppliers` (`id`) ON DELETE RESTRICT ON UPDATE CASCADE)
[Method: DELETE, Route: api/suppliers/2]
in SYSTEMPATH\Database\BaseConnection.php on line 865.
 1 SYSTEMPATH\Database\BaseBuilder.php(2848): CodeIgniter\Database\BaseConnection->query('DELETE FROM `suppliers`
WHERE `id` IN :id:', [...], false)
 2 SYSTEMPATH\Model.php(441): CodeIgniter\Database\BaseBuilder->delete()
 3 SYSTEMPATH\BaseModel.php(1207): CodeIgniter\Model->doDelete([...], false)
 4 APPPATH\Models\BaseModel.php(34): CodeIgniter\BaseModel->delete([...], false)
 5 APPPATH\Controllers\Api\Suppliers.php(89): App\Models\BaseModel->deleteOne(2)
 6 SYSTEMPATH\CodeIgniter.php(951): App\Controllers\Api\Suppliers->delete(2)
 7 SYSTEMPATH\CodeIgniter.php(497): CodeIgniter\CodeIgniter->runController(Object(App\Controllers\Api\Suppliers))
 8 SYSTEMPATH\CodeIgniter.php(340): CodeIgniter\CodeIgniter->handleRequest(null, Object(Config\Cache), false)
 9 SYSTEMPATH\Boot.php(417): CodeIgniter\CodeIgniter->run()
10 SYSTEMPATH\Boot.php(68): CodeIgniter\Boot::runCodeIgniter(Object(CodeIgniter\CodeIgniter))
11 FCPATH\index.php(59): CodeIgniter\Boot::bootWeb(Object(Config\Paths))
CRITICAL - 2026-05-28 14:48:32 --> [Caused by] CodeIgniter\Database\Exceptions\DatabaseException: Cannot delete or update a parent row: a foreign key constraint fails (`my_stock`.`purchases`, CONSTRAINT `fk_purchases_supplier_id` FOREIGN KEY (`supplier_id`) REFERENCES `suppliers` (`id`) ON DELETE RESTRICT ON UPDATE CASCADE)
in SYSTEMPATH\Database\MySQLi\Connection.php on line 310.
 1 SYSTEMPATH\Database\BaseConnection.php(910): CodeIgniter\Database\MySQLi\Connection->execute('DELETE FROM `suppliers`
WHERE `id` IN (2)')
 2 SYSTEMPATH\Database\BaseConnection.php(827): CodeIgniter\Database\BaseConnection->simpleQuery('DELETE FROM `suppliers`
WHERE `id` IN (2)')
 3 SYSTEMPATH\Database\BaseBuilder.php(2848): CodeIgniter\Database\BaseConnection->query('DELETE FROM `suppliers`
WHERE `id` IN :id:', [...], false)
 4 SYSTEMPATH\Model.php(441): CodeIgniter\Database\BaseBuilder->delete()
 5 SYSTEMPATH\BaseModel.php(1207): CodeIgniter\Model->doDelete([...], false)
 6 APPPATH\Models\BaseModel.php(34): CodeIgniter\BaseModel->delete([...], false)
 7 APPPATH\Controllers\Api\Suppliers.php(89): App\Models\BaseModel->deleteOne(2)
 8 SYSTEMPATH\CodeIgniter.php(951): App\Controllers\Api\Suppliers->delete(2)
 9 SYSTEMPATH\CodeIgniter.php(497): CodeIgniter\CodeIgniter->runController(Object(App\Controllers\Api\Suppliers))
10 SYSTEMPATH\CodeIgniter.php(340): CodeIgniter\CodeIgniter->handleRequest(null, Object(Config\Cache), false)
11 SYSTEMPATH\Boot.php(417): CodeIgniter\CodeIgniter->run()
12 SYSTEMPATH\Boot.php(68): CodeIgniter\Boot::runCodeIgniter(Object(CodeIgniter\CodeIgniter))
13 FCPATH\index.php(59): CodeIgniter\Boot::bootWeb(Object(Config\Paths))
CRITICAL - 2026-05-28 14:48:32 --> [Caused by] mysqli_sql_exception: Cannot delete or update a parent row: a foreign key constraint fails (`my_stock`.`purchases`, CONSTRAINT `fk_purchases_supplier_id` FOREIGN KEY (`supplier_id`) REFERENCES `suppliers` (`id`) ON DELETE RESTRICT ON UPDATE CASCADE)
in SYSTEMPATH\Database\MySQLi\Connection.php on line 300.
 1 SYSTEMPATH\Database\MySQLi\Connection.php(300): mysqli->query('DELETE FROM `suppliers`
WHERE `id` IN (2)', 0)
 2 SYSTEMPATH\Database\BaseConnection.php(910): CodeIgniter\Database\MySQLi\Connection->execute('DELETE FROM `suppliers`
WHERE `id` IN (2)')
 3 SYSTEMPATH\Database\BaseConnection.php(827): CodeIgniter\Database\BaseConnection->simpleQuery('DELETE FROM `suppliers`
WHERE `id` IN (2)')
 4 SYSTEMPATH\Database\BaseBuilder.php(2848): CodeIgniter\Database\BaseConnection->query('DELETE FROM `suppliers`
WHERE `id` IN :id:', [...], false)
 5 SYSTEMPATH\Model.php(441): CodeIgniter\Database\BaseBuilder->delete()
 6 SYSTEMPATH\BaseModel.php(1207): CodeIgniter\Model->doDelete([...], false)
 7 APPPATH\Models\BaseModel.php(34): CodeIgniter\BaseModel->delete([...], false)
 8 APPPATH\Controllers\Api\Suppliers.php(89): App\Models\BaseModel->deleteOne(2)
 9 SYSTEMPATH\CodeIgniter.php(951): App\Controllers\Api\Suppliers->delete(2)
10 SYSTEMPATH\CodeIgniter.php(497): CodeIgniter\CodeIgniter->runController(Object(App\Controllers\Api\Suppliers))
11 SYSTEMPATH\CodeIgniter.php(340): CodeIgniter\CodeIgniter->handleRequest(null, Object(Config\Cache), false)
12 SYSTEMPATH\Boot.php(417): CodeIgniter\CodeIgniter->run()
13 SYSTEMPATH\Boot.php(68): CodeIgniter\Boot::runCodeIgniter(Object(CodeIgniter\CodeIgniter))
14 FCPATH\index.php(59): CodeIgniter\Boot::bootWeb(Object(Config\Paths))
ERROR - 2026-05-28 14:48:35 --> Cannot delete or update a parent row: a foreign key constraint fails (`my_stock`.`purchases`, CONSTRAINT `fk_purchases_supplier_id` FOREIGN KEY (`supplier_id`) REFERENCES `suppliers` (`id`) ON DELETE RESTRICT ON UPDATE CASCADE)
in SYSTEMPATH\Database\MySQLi\Connection.php on line 300.
 1 SYSTEMPATH\Database\MySQLi\Connection.php(300): mysqli->query('DELETE FROM `suppliers`
WHERE `id` IN (2)', 0)
 2 SYSTEMPATH\Database\BaseConnection.php(910): CodeIgniter\Database\MySQLi\Connection->execute('DELETE FROM `suppliers`
WHERE `id` IN (2)')
 3 SYSTEMPATH\Database\BaseConnection.php(827): CodeIgniter\Database\BaseConnection->simpleQuery('DELETE FROM `suppliers`
WHERE `id` IN (2)')
 4 SYSTEMPATH\Database\BaseBuilder.php(2848): CodeIgniter\Database\BaseConnection->query('DELETE FROM `suppliers`
WHERE `id` IN :id:', [...], false)
 5 SYSTEMPATH\Model.php(441): CodeIgniter\Database\BaseBuilder->delete()
 6 SYSTEMPATH\BaseModel.php(1207): CodeIgniter\Model->doDelete([...], false)
 7 APPPATH\Models\BaseModel.php(34): CodeIgniter\BaseModel->delete([...], false)
 8 APPPATH\Controllers\Api\Suppliers.php(89): App\Models\BaseModel->deleteOne(2)
 9 SYSTEMPATH\CodeIgniter.php(951): App\Controllers\Api\Suppliers->delete(2)
10 SYSTEMPATH\CodeIgniter.php(497): CodeIgniter\CodeIgniter->runController(Object(App\Controllers\Api\Suppliers))
11 SYSTEMPATH\CodeIgniter.php(340): CodeIgniter\CodeIgniter->handleRequest(null, Object(Config\Cache), false)
12 SYSTEMPATH\Boot.php(417): CodeIgniter\CodeIgniter->run()
13 SYSTEMPATH\Boot.php(68): CodeIgniter\Boot::runCodeIgniter(Object(CodeIgniter\CodeIgniter))
14 FCPATH\index.php(59): CodeIgniter\Boot::bootWeb(Object(Config\Paths))
CRITICAL - 2026-05-28 14:48:35 --> CodeIgniter\Database\Exceptions\DatabaseException: Cannot delete or update a parent row: a foreign key constraint fails (`my_stock`.`purchases`, CONSTRAINT `fk_purchases_supplier_id` FOREIGN KEY (`supplier_id`) REFERENCES `suppliers` (`id`) ON DELETE RESTRICT ON UPDATE CASCADE)
[Method: DELETE, Route: api/suppliers/2]
in SYSTEMPATH\Database\BaseConnection.php on line 865.
 1 SYSTEMPATH\Database\BaseBuilder.php(2848): CodeIgniter\Database\BaseConnection->query('DELETE FROM `suppliers`
WHERE `id` IN :id:', [...], false)
 2 SYSTEMPATH\Model.php(441): CodeIgniter\Database\BaseBuilder->delete()
 3 SYSTEMPATH\BaseModel.php(1207): CodeIgniter\Model->doDelete([...], false)
 4 APPPATH\Models\BaseModel.php(34): CodeIgniter\BaseModel->delete([...], false)
 5 APPPATH\Controllers\Api\Suppliers.php(89): App\Models\BaseModel->deleteOne(2)
 6 SYSTEMPATH\CodeIgniter.php(951): App\Controllers\Api\Suppliers->delete(2)
 7 SYSTEMPATH\CodeIgniter.php(497): CodeIgniter\CodeIgniter->runController(Object(App\Controllers\Api\Suppliers))
 8 SYSTEMPATH\CodeIgniter.php(340): CodeIgniter\CodeIgniter->handleRequest(null, Object(Config\Cache), false)
 9 SYSTEMPATH\Boot.php(417): CodeIgniter\CodeIgniter->run()
10 SYSTEMPATH\Boot.php(68): CodeIgniter\Boot::runCodeIgniter(Object(CodeIgniter\CodeIgniter))
11 FCPATH\index.php(59): CodeIgniter\Boot::bootWeb(Object(Config\Paths))
CRITICAL - 2026-05-28 14:48:35 --> [Caused by] CodeIgniter\Database\Exceptions\DatabaseException: Cannot delete or update a parent row: a foreign key constraint fails (`my_stock`.`purchases`, CONSTRAINT `fk_purchases_supplier_id` FOREIGN KEY (`supplier_id`) REFERENCES `suppliers` (`id`) ON DELETE RESTRICT ON UPDATE CASCADE)
in SYSTEMPATH\Database\MySQLi\Connection.php on line 310.
 1 SYSTEMPATH\Database\BaseConnection.php(910): CodeIgniter\Database\MySQLi\Connection->execute('DELETE FROM `suppliers`
WHERE `id` IN (2)')
 2 SYSTEMPATH\Database\BaseConnection.php(827): CodeIgniter\Database\BaseConnection->simpleQuery('DELETE FROM `suppliers`
WHERE `id` IN (2)')
 3 SYSTEMPATH\Database\BaseBuilder.php(2848): CodeIgniter\Database\BaseConnection->query('DELETE FROM `suppliers`
WHERE `id` IN :id:', [...], false)
 4 SYSTEMPATH\Model.php(441): CodeIgniter\Database\BaseBuilder->delete()
 5 SYSTEMPATH\BaseModel.php(1207): CodeIgniter\Model->doDelete([...], false)
 6 APPPATH\Models\BaseModel.php(34): CodeIgniter\BaseModel->delete([...], false)
 7 APPPATH\Controllers\Api\Suppliers.php(89): App\Models\BaseModel->deleteOne(2)
 8 SYSTEMPATH\CodeIgniter.php(951): App\Controllers\Api\Suppliers->delete(2)
 9 SYSTEMPATH\CodeIgniter.php(497): CodeIgniter\CodeIgniter->runController(Object(App\Controllers\Api\Suppliers))
10 SYSTEMPATH\CodeIgniter.php(340): CodeIgniter\CodeIgniter->handleRequest(null, Object(Config\Cache), false)
11 SYSTEMPATH\Boot.php(417): CodeIgniter\CodeIgniter->run()
12 SYSTEMPATH\Boot.php(68): CodeIgniter\Boot::runCodeIgniter(Object(CodeIgniter\CodeIgniter))
13 FCPATH\index.php(59): CodeIgniter\Boot::bootWeb(Object(Config\Paths))
CRITICAL - 2026-05-28 14:48:35 --> [Caused by] mysqli_sql_exception: Cannot delete or update a parent row: a foreign key constraint fails (`my_stock`.`purchases`, CONSTRAINT `fk_purchases_supplier_id` FOREIGN KEY (`supplier_id`) REFERENCES `suppliers` (`id`) ON DELETE RESTRICT ON UPDATE CASCADE)
in SYSTEMPATH\Database\MySQLi\Connection.php on line 300.
 1 SYSTEMPATH\Database\MySQLi\Connection.php(300): mysqli->query('DELETE FROM `suppliers`
WHERE `id` IN (2)', 0)
 2 SYSTEMPATH\Database\BaseConnection.php(910): CodeIgniter\Database\MySQLi\Connection->execute('DELETE FROM `suppliers`
WHERE `id` IN (2)')
 3 SYSTEMPATH\Database\BaseConnection.php(827): CodeIgniter\Database\BaseConnection->simpleQuery('DELETE FROM `suppliers`
WHERE `id` IN (2)')
 4 SYSTEMPATH\Database\BaseBuilder.php(2848): CodeIgniter\Database\BaseConnection->query('DELETE FROM `suppliers`
WHERE `id` IN :id:', [...], false)
 5 SYSTEMPATH\Model.php(441): CodeIgniter\Database\BaseBuilder->delete()
 6 SYSTEMPATH\BaseModel.php(1207): CodeIgniter\Model->doDelete([...], false)
 7 APPPATH\Models\BaseModel.php(34): CodeIgniter\BaseModel->delete([...], false)
 8 APPPATH\Controllers\Api\Suppliers.php(89): App\Models\BaseModel->deleteOne(2)
 9 SYSTEMPATH\CodeIgniter.php(951): App\Controllers\Api\Suppliers->delete(2)
10 SYSTEMPATH\CodeIgniter.php(497): CodeIgniter\CodeIgniter->runController(Object(App\Controllers\Api\Suppliers))
11 SYSTEMPATH\CodeIgniter.php(340): CodeIgniter\CodeIgniter->handleRequest(null, Object(Config\Cache), false)
12 SYSTEMPATH\Boot.php(417): CodeIgniter\CodeIgniter->run()
13 SYSTEMPATH\Boot.php(68): CodeIgniter\Boot::runCodeIgniter(Object(CodeIgniter\CodeIgniter))
14 FCPATH\index.php(59): CodeIgniter\Boot::bootWeb(Object(Config\Paths))
ERROR - 2026-05-28 14:48:38 --> Cannot delete or update a parent row: a foreign key constraint fails (`my_stock`.`purchases`, CONSTRAINT `fk_purchases_supplier_id` FOREIGN KEY (`supplier_id`) REFERENCES `suppliers` (`id`) ON DELETE RESTRICT ON UPDATE CASCADE)
in SYSTEMPATH\Database\MySQLi\Connection.php on line 300.
 1 SYSTEMPATH\Database\MySQLi\Connection.php(300): mysqli->query('DELETE FROM `suppliers`
WHERE `id` IN (2)', 0)
 2 SYSTEMPATH\Database\BaseConnection.php(910): CodeIgniter\Database\MySQLi\Connection->execute('DELETE FROM `suppliers`
WHERE `id` IN (2)')
 3 SYSTEMPATH\Database\BaseConnection.php(827): CodeIgniter\Database\BaseConnection->simpleQuery('DELETE FROM `suppliers`
WHERE `id` IN (2)')
 4 SYSTEMPATH\Database\BaseBuilder.php(2848): CodeIgniter\Database\BaseConnection->query('DELETE FROM `suppliers`
WHERE `id` IN :id:', [...], false)
 5 SYSTEMPATH\Model.php(441): CodeIgniter\Database\BaseBuilder->delete()
 6 SYSTEMPATH\BaseModel.php(1207): CodeIgniter\Model->doDelete([...], false)
 7 APPPATH\Models\BaseModel.php(34): CodeIgniter\BaseModel->delete([...], false)
 8 APPPATH\Controllers\Api\Suppliers.php(89): App\Models\BaseModel->deleteOne(2)
 9 SYSTEMPATH\CodeIgniter.php(951): App\Controllers\Api\Suppliers->delete(2)
10 SYSTEMPATH\CodeIgniter.php(497): CodeIgniter\CodeIgniter->runController(Object(App\Controllers\Api\Suppliers))
11 SYSTEMPATH\CodeIgniter.php(340): CodeIgniter\CodeIgniter->handleRequest(null, Object(Config\Cache), false)
12 SYSTEMPATH\Boot.php(417): CodeIgniter\CodeIgniter->run()
13 SYSTEMPATH\Boot.php(68): CodeIgniter\Boot::runCodeIgniter(Object(CodeIgniter\CodeIgniter))
14 FCPATH\index.php(59): CodeIgniter\Boot::bootWeb(Object(Config\Paths))
CRITICAL - 2026-05-28 14:48:38 --> CodeIgniter\Database\Exceptions\DatabaseException: Cannot delete or update a parent row: a foreign key constraint fails (`my_stock`.`purchases`, CONSTRAINT `fk_purchases_supplier_id` FOREIGN KEY (`supplier_id`) REFERENCES `suppliers` (`id`) ON DELETE RESTRICT ON UPDATE CASCADE)
[Method: DELETE, Route: api/suppliers/2]
in SYSTEMPATH\Database\BaseConnection.php on line 865.
 1 SYSTEMPATH\Database\BaseBuilder.php(2848): CodeIgniter\Database\BaseConnection->query('DELETE FROM `suppliers`
WHERE `id` IN :id:', [...], false)
 2 SYSTEMPATH\Model.php(441): CodeIgniter\Database\BaseBuilder->delete()
 3 SYSTEMPATH\BaseModel.php(1207): CodeIgniter\Model->doDelete([...], false)
 4 APPPATH\Models\BaseModel.php(34): CodeIgniter\BaseModel->delete([...], false)
 5 APPPATH\Controllers\Api\Suppliers.php(89): App\Models\BaseModel->deleteOne(2)
 6 SYSTEMPATH\CodeIgniter.php(951): App\Controllers\Api\Suppliers->delete(2)
 7 SYSTEMPATH\CodeIgniter.php(497): CodeIgniter\CodeIgniter->runController(Object(App\Controllers\Api\Suppliers))
 8 SYSTEMPATH\CodeIgniter.php(340): CodeIgniter\CodeIgniter->handleRequest(null, Object(Config\Cache), false)
 9 SYSTEMPATH\Boot.php(417): CodeIgniter\CodeIgniter->run()
10 SYSTEMPATH\Boot.php(68): CodeIgniter\Boot::runCodeIgniter(Object(CodeIgniter\CodeIgniter))
11 FCPATH\index.php(59): CodeIgniter\Boot::bootWeb(Object(Config\Paths))
CRITICAL - 2026-05-28 14:48:38 --> [Caused by] CodeIgniter\Database\Exceptions\DatabaseException: Cannot delete or update a parent row: a foreign key constraint fails (`my_stock`.`purchases`, CONSTRAINT `fk_purchases_supplier_id` FOREIGN KEY (`supplier_id`) REFERENCES `suppliers` (`id`) ON DELETE RESTRICT ON UPDATE CASCADE)
in SYSTEMPATH\Database\MySQLi\Connection.php on line 310.
 1 SYSTEMPATH\Database\BaseConnection.php(910): CodeIgniter\Database\MySQLi\Connection->execute('DELETE FROM `suppliers`
WHERE `id` IN (2)')
 2 SYSTEMPATH\Database\BaseConnection.php(827): CodeIgniter\Database\BaseConnection->simpleQuery('DELETE FROM `suppliers`
WHERE `id` IN (2)')
 3 SYSTEMPATH\Database\BaseBuilder.php(2848): CodeIgniter\Database\BaseConnection->query('DELETE FROM `suppliers`
WHERE `id` IN :id:', [...], false)
 4 SYSTEMPATH\Model.php(441): CodeIgniter\Database\BaseBuilder->delete()
 5 SYSTEMPATH\BaseModel.php(1207): CodeIgniter\Model->doDelete([...], false)
 6 APPPATH\Models\BaseModel.php(34): CodeIgniter\BaseModel->delete([...], false)
 7 APPPATH\Controllers\Api\Suppliers.php(89): App\Models\BaseModel->deleteOne(2)
 8 SYSTEMPATH\CodeIgniter.php(951): App\Controllers\Api\Suppliers->delete(2)
 9 SYSTEMPATH\CodeIgniter.php(497): CodeIgniter\CodeIgniter->runController(Object(App\Controllers\Api\Suppliers))
10 SYSTEMPATH\CodeIgniter.php(340): CodeIgniter\CodeIgniter->handleRequest(null, Object(Config\Cache), false)
11 SYSTEMPATH\Boot.php(417): CodeIgniter\CodeIgniter->run()
12 SYSTEMPATH\Boot.php(68): CodeIgniter\Boot::runCodeIgniter(Object(CodeIgniter\CodeIgniter))
13 FCPATH\index.php(59): CodeIgniter\Boot::bootWeb(Object(Config\Paths))
CRITICAL - 2026-05-28 14:48:38 --> [Caused by] mysqli_sql_exception: Cannot delete or update a parent row: a foreign key constraint fails (`my_stock`.`purchases`, CONSTRAINT `fk_purchases_supplier_id` FOREIGN KEY (`supplier_id`) REFERENCES `suppliers` (`id`) ON DELETE RESTRICT ON UPDATE CASCADE)
in SYSTEMPATH\Database\MySQLi\Connection.php on line 300.
 1 SYSTEMPATH\Database\MySQLi\Connection.php(300): mysqli->query('DELETE FROM `suppliers`
WHERE `id` IN (2)', 0)
 2 SYSTEMPATH\Database\BaseConnection.php(910): CodeIgniter\Database\MySQLi\Connection->execute('DELETE FROM `suppliers`
WHERE `id` IN (2)')
 3 SYSTEMPATH\Database\BaseConnection.php(827): CodeIgniter\Database\BaseConnection->simpleQuery('DELETE FROM `suppliers`
WHERE `id` IN (2)')
 4 SYSTEMPATH\Database\BaseBuilder.php(2848): CodeIgniter\Database\BaseConnection->query('DELETE FROM `suppliers`
WHERE `id` IN :id:', [...], false)
 5 SYSTEMPATH\Model.php(441): CodeIgniter\Database\BaseBuilder->delete()
 6 SYSTEMPATH\BaseModel.php(1207): CodeIgniter\Model->doDelete([...], false)
 7 APPPATH\Models\BaseModel.php(34): CodeIgniter\BaseModel->delete([...], false)
 8 APPPATH\Controllers\Api\Suppliers.php(89): App\Models\BaseModel->deleteOne(2)
 9 SYSTEMPATH\CodeIgniter.php(951): App\Controllers\Api\Suppliers->delete(2)
10 SYSTEMPATH\CodeIgniter.php(497): CodeIgniter\CodeIgniter->runController(Object(App\Controllers\Api\Suppliers))
11 SYSTEMPATH\CodeIgniter.php(340): CodeIgniter\CodeIgniter->handleRequest(null, Object(Config\Cache), false)
12 SYSTEMPATH\Boot.php(417): CodeIgniter\CodeIgniter->run()
13 SYSTEMPATH\Boot.php(68): CodeIgniter\Boot::runCodeIgniter(Object(CodeIgniter\CodeIgniter))
14 FCPATH\index.php(59): CodeIgniter\Boot::bootWeb(Object(Config\Paths))
ERROR - 2026-05-28 14:52:43 --> Table 'categories' already exists
in SYSTEMPATH\Database\MySQLi\Connection.php on line 300.
 1 SYSTEMPATH\Database\MySQLi\Connection.php(300): mysqli->query('CREATE TABLE `categories` (
	`id` INT(11) UNSIGNED NOT NULL AUTO_INCREMENT,
	`name` VARCHAR(100) NOT NULL,
	`created_at` DATETIME NULL,
	`updated_at` DATETIME NULL,
	CONSTRAINT `pk_categories` PRIMARY KEY(`id`),
	KEY `name` (`name`)
) DEFAULT CHARACTER SET = utf8mb4 COLLATE = utf8mb4_general_ci', 0)
 2 SYSTEMPATH\Database\BaseConnection.php(910): CodeIgniter\Database\MySQLi\Connection->execute('CREATE TABLE `categories` (
	`id` INT(11) UNSIGNED NOT NULL AUTO_INCREMENT,
	`name` VARCHAR(100) NOT NULL,
	`created_at` DATETIME NULL,
	`updated_at` DATETIME NULL,
	CONSTRAINT `pk_categories` PRIMARY KEY(`id`),
	KEY `name` (`name`)
) DEFAULT CHARACTER SET = utf8mb4 COLLATE = utf8mb4_general_ci')
 3 SYSTEMPATH\Database\BaseConnection.php(827): CodeIgniter\Database\BaseConnection->simpleQuery('CREATE TABLE `categories` (
	`id` INT(11) UNSIGNED NOT NULL AUTO_INCREMENT,
	`name` VARCHAR(100) NOT NULL,
	`created_at` DATETIME NULL,
	`updated_at` DATETIME NULL,
	CONSTRAINT `pk_categories` PRIMARY KEY(`id`),
	KEY `name` (`name`)
) DEFAULT CHARACTER SET = utf8mb4 COLLATE = utf8mb4_general_ci')
 4 SYSTEMPATH\Database\Forge.php(570): CodeIgniter\Database\BaseConnection->query('CREATE TABLE `categories` (
	`id` INT(11) UNSIGNED NOT NULL AUTO_INCREMENT,
	`name` VARCHAR(100) NOT NULL,
	`created_at` DATETIME NULL,
	`updated_at` DATETIME NULL,
	CONSTRAINT `pk_categories` PRIMARY KEY(`id`),
	KEY `name` (`name`)
) DEFAULT CHARACTER SET = utf8mb4 COLLATE = utf8mb4_general_ci')
 5 APPPATH\Database\Migrations\2026-04-25-000001_CreateStoreSchema.php(34): CodeIgniter\Database\Forge->createTable('categories')
 6 SYSTEMPATH\Database\MigrationRunner.php(1014): App\Database\Migrations\CreateStoreSchema->up()
 7 SYSTEMPATH\Database\MigrationRunner.php(202): CodeIgniter\Database\MigrationRunner->migrate('up', Object(stdClass))
 8 SYSTEMPATH\Commands\Database\Migrate.php(89): CodeIgniter\Database\MigrationRunner->latest(null)
 9 SYSTEMPATH\CLI\SignalTrait.php(245): CodeIgniter\Commands\Database\Migrate::CodeIgniter\Commands\Database\{closure}()
10 SYSTEMPATH\Commands\Database\Migrate.php(88): CodeIgniter\Commands\Database\Migrate->withSignalsBlocked(Object(Closure))
11 SYSTEMPATH\CLI\Commands.php(74): CodeIgniter\Commands\Database\Migrate->run([])
12 SYSTEMPATH\CLI\Console.php(47): CodeIgniter\CLI\Commands->run('migrate', [])
13 SYSTEMPATH\Boot.php(442): CodeIgniter\CLI\Console->run()
14 SYSTEMPATH\Boot.php(166): CodeIgniter\Boot::runCommand(Object(CodeIgniter\CLI\Console))
15 ROOTPATH\spark(87): CodeIgniter\Boot::bootSpark(Object(Config\Paths))
ERROR - 2026-05-28 14:52:56 --> Table 'categories' already exists
in SYSTEMPATH\Database\MySQLi\Connection.php on line 300.
 1 SYSTEMPATH\Database\MySQLi\Connection.php(300): mysqli->query('CREATE TABLE `categories` (
	`id` INT(11) UNSIGNED NOT NULL AUTO_INCREMENT,
	`name` VARCHAR(100) NOT NULL,
	`created_at` DATETIME NULL,
	`updated_at` DATETIME NULL,
	CONSTRAINT `pk_categories` PRIMARY KEY(`id`),
	KEY `name` (`name`)
) DEFAULT CHARACTER SET = utf8mb4 COLLATE = utf8mb4_general_ci', 0)
 2 SYSTEMPATH\Database\BaseConnection.php(910): CodeIgniter\Database\MySQLi\Connection->execute('CREATE TABLE `categories` (
	`id` INT(11) UNSIGNED NOT NULL AUTO_INCREMENT,
	`name` VARCHAR(100) NOT NULL,
	`created_at` DATETIME NULL,
	`updated_at` DATETIME NULL,
	CONSTRAINT `pk_categories` PRIMARY KEY(`id`),
	KEY `name` (`name`)
) DEFAULT CHARACTER SET = utf8mb4 COLLATE = utf8mb4_general_ci')
 3 SYSTEMPATH\Database\BaseConnection.php(827): CodeIgniter\Database\BaseConnection->simpleQuery('CREATE TABLE `categories` (
	`id` INT(11) UNSIGNED NOT NULL AUTO_INCREMENT,
	`name` VARCHAR(100) NOT NULL,
	`created_at` DATETIME NULL,
	`updated_at` DATETIME NULL,
	CONSTRAINT `pk_categories` PRIMARY KEY(`id`),
	KEY `name` (`name`)
) DEFAULT CHARACTER SET = utf8mb4 COLLATE = utf8mb4_general_ci')
 4 SYSTEMPATH\Database\Forge.php(570): CodeIgniter\Database\BaseConnection->query('CREATE TABLE `categories` (
	`id` INT(11) UNSIGNED NOT NULL AUTO_INCREMENT,
	`name` VARCHAR(100) NOT NULL,
	`created_at` DATETIME NULL,
	`updated_at` DATETIME NULL,
	CONSTRAINT `pk_categories` PRIMARY KEY(`id`),
	KEY `name` (`name`)
) DEFAULT CHARACTER SET = utf8mb4 COLLATE = utf8mb4_general_ci')
 5 APPPATH\Database\Migrations\2026-04-25-000001_CreateStoreSchema.php(34): CodeIgniter\Database\Forge->createTable('categories')
 6 SYSTEMPATH\Database\MigrationRunner.php(1014): App\Database\Migrations\CreateStoreSchema->up()
 7 SYSTEMPATH\Database\MigrationRunner.php(202): CodeIgniter\Database\MigrationRunner->migrate('up', Object(stdClass))
 8 SYSTEMPATH\Commands\Database\Migrate.php(89): CodeIgniter\Database\MigrationRunner->latest(null)
 9 SYSTEMPATH\CLI\SignalTrait.php(245): CodeIgniter\Commands\Database\Migrate::CodeIgniter\Commands\Database\{closure}()
10 SYSTEMPATH\Commands\Database\Migrate.php(88): CodeIgniter\Commands\Database\Migrate->withSignalsBlocked(Object(Closure))
11 SYSTEMPATH\CLI\Commands.php(74): CodeIgniter\Commands\Database\Migrate->run([...])
12 SYSTEMPATH\CLI\Console.php(47): CodeIgniter\CLI\Commands->run('migrate', [...])
13 SYSTEMPATH\Boot.php(442): CodeIgniter\CLI\Console->run()
14 SYSTEMPATH\Boot.php(166): CodeIgniter\Boot::runCommand(Object(CodeIgniter\CLI\Console))
15 ROOTPATH\spark(87): CodeIgniter\Boot::bootSpark(Object(Config\Paths))
CRITICAL - 2026-05-28 14:54:22 --> Error: Class "App\Database\Migrations\CreateWarehousesTable" not found
[Method: CLI, Route: migrate:warehouses]
in APPPATH\Commands\MigrateWarehouses.php on line 17.
 1 SYSTEMPATH\CLI\Commands.php(74): App\Commands\MigrateWarehouses->run([])
 2 SYSTEMPATH\CLI\Console.php(47): CodeIgniter\CLI\Commands->run('migrate:warehouses', [])
 3 SYSTEMPATH\Boot.php(442): CodeIgniter\CLI\Console->run()
 4 SYSTEMPATH\Boot.php(166): CodeIgniter\Boot::runCommand(Object(CodeIgniter\CLI\Console))
 5 ROOTPATH\spark(87): CodeIgniter\Boot::bootSpark(Object(Config\Paths))
