ERROR - 2026-06-02 16:17:28 --> You have an error in your SQL syntax; check the manual that corresponds to your MySQL server version for the right syntax to use near ')
AND `t`.`transaction_date` >= '2026-06-03'
AND `t`.`transaction_date` <= '2026' at line 3
in SYSTEMPATH\Database\MySQLi\Connection.php on line 300.
 1 SYSTEMPATH\Database\MySQLi\Connection.php(300): mysqli->query('SELECT COUNT(*) AS `numrows`
FROM `transactions` `t`
WHERE `t`.`account_code` IN ()
AND `t`.`transaction_date` >= \'2026-06-03\'
AND `t`.`transaction_date` <= \'2026-06-03\'', 0)
 2 SYSTEMPATH\Database\BaseConnection.php(910): CodeIgniter\Database\MySQLi\Connection->execute('SELECT COUNT(*) AS `numrows`
FROM `transactions` `t`
WHERE `t`.`account_code` IN ()
AND `t`.`transaction_date` >= \'2026-06-03\'
AND `t`.`transaction_date` <= \'2026-06-03\'')
 3 SYSTEMPATH\Database\BaseConnection.php(827): CodeIgniter\Database\BaseConnection->simpleQuery('SELECT COUNT(*) AS `numrows`
FROM `transactions` `t`
WHERE `t`.`account_code` IN ()
AND `t`.`transaction_date` >= \'2026-06-03\'
AND `t`.`transaction_date` <= \'2026-06-03\'')
 4 SYSTEMPATH\Database\BaseBuilder.php(1733): CodeIgniter\Database\BaseConnection->query('SELECT COUNT(*) AS `numrows`
FROM `transactions` `t`
WHERE `t`.`account_code` IN :t.account_code:
AND `t`.`transaction_date` >= :t.transaction_date:
AND `t`.`transaction_date` <= :t.transaction_date.1:', [...], false)
 5 APPPATH\Controllers\Api\Transactions.php(30): CodeIgniter\Database\BaseBuilder->countAllResults()
 6 SYSTEMPATH\CodeIgniter.php(951): App\Controllers\Api\Transactions->index()
 7 SYSTEMPATH\CodeIgniter.php(497): CodeIgniter\CodeIgniter->runController(Object(App\Controllers\Api\Transactions))
 8 SYSTEMPATH\CodeIgniter.php(340): CodeIgniter\CodeIgniter->handleRequest(null, Object(Config\Cache), false)
 9 SYSTEMPATH\Boot.php(417): CodeIgniter\CodeIgniter->run()
10 SYSTEMPATH\Boot.php(68): CodeIgniter\Boot::runCodeIgniter(Object(CodeIgniter\CodeIgniter))
11 FCPATH\index.php(59): CodeIgniter\Boot::bootWeb(Object(Config\Paths))
CRITICAL - 2026-06-02 16:17:28 --> CodeIgniter\Database\Exceptions\DatabaseException: You have an error in your SQL syntax; check the manual that corresponds to your MySQL server version for the right syntax to use near ')
AND `t`.`transaction_date` >= '2026-06-03'
AND `t`.`transaction_date` <= '2026' at line 3
[Method: GET, Route: api/transactions]
in SYSTEMPATH\Database\BaseConnection.php on line 865.
 1 SYSTEMPATH\Database\BaseBuilder.php(1733): CodeIgniter\Database\BaseConnection->query('SELECT COUNT(*) AS `numrows`
FROM `transactions` `t`
WHERE `t`.`account_code` IN :t.account_code:
AND `t`.`transaction_date` >= :t.transaction_date:
AND `t`.`transaction_date` <= :t.transaction_date.1:', [...], false)
 2 APPPATH\Controllers\Api\Transactions.php(30): CodeIgniter\Database\BaseBuilder->countAllResults()
 3 SYSTEMPATH\CodeIgniter.php(951): App\Controllers\Api\Transactions->index()
 4 SYSTEMPATH\CodeIgniter.php(497): CodeIgniter\CodeIgniter->runController(Object(App\Controllers\Api\Transactions))
 5 SYSTEMPATH\CodeIgniter.php(340): CodeIgniter\CodeIgniter->handleRequest(null, Object(Config\Cache), false)
 6 SYSTEMPATH\Boot.php(417): CodeIgniter\CodeIgniter->run()
 7 SYSTEMPATH\Boot.php(68): CodeIgniter\Boot::runCodeIgniter(Object(CodeIgniter\CodeIgniter))
 8 FCPATH\index.php(59): CodeIgniter\Boot::bootWeb(Object(Config\Paths))
CRITICAL - 2026-06-02 16:17:28 --> [Caused by] CodeIgniter\Database\Exceptions\DatabaseException: You have an error in your SQL syntax; check the manual that corresponds to your MySQL server version for the right syntax to use near ')
AND `t`.`transaction_date` >= '2026-06-03'
AND `t`.`transaction_date` <= '2026' at line 3
in SYSTEMPATH\Database\MySQLi\Connection.php on line 310.
 1 SYSTEMPATH\Database\BaseConnection.php(910): CodeIgniter\Database\MySQLi\Connection->execute('SELECT COUNT(*) AS `numrows`
FROM `transactions` `t`
WHERE `t`.`account_code` IN ()
AND `t`.`transaction_date` >= \'2026-06-03\'
AND `t`.`transaction_date` <= \'2026-06-03\'')
 2 SYSTEMPATH\Database\BaseConnection.php(827): CodeIgniter\Database\BaseConnection->simpleQuery('SELECT COUNT(*) AS `numrows`
FROM `transactions` `t`
WHERE `t`.`account_code` IN ()
AND `t`.`transaction_date` >= \'2026-06-03\'
AND `t`.`transaction_date` <= \'2026-06-03\'')
 3 SYSTEMPATH\Database\BaseBuilder.php(1733): CodeIgniter\Database\BaseConnection->query('SELECT COUNT(*) AS `numrows`
FROM `transactions` `t`
WHERE `t`.`account_code` IN :t.account_code:
AND `t`.`transaction_date` >= :t.transaction_date:
AND `t`.`transaction_date` <= :t.transaction_date.1:', [...], false)
 4 APPPATH\Controllers\Api\Transactions.php(30): CodeIgniter\Database\BaseBuilder->countAllResults()
 5 SYSTEMPATH\CodeIgniter.php(951): App\Controllers\Api\Transactions->index()
 6 SYSTEMPATH\CodeIgniter.php(497): CodeIgniter\CodeIgniter->runController(Object(App\Controllers\Api\Transactions))
 7 SYSTEMPATH\CodeIgniter.php(340): CodeIgniter\CodeIgniter->handleRequest(null, Object(Config\Cache), false)
 8 SYSTEMPATH\Boot.php(417): CodeIgniter\CodeIgniter->run()
 9 SYSTEMPATH\Boot.php(68): CodeIgniter\Boot::runCodeIgniter(Object(CodeIgniter\CodeIgniter))
10 FCPATH\index.php(59): CodeIgniter\Boot::bootWeb(Object(Config\Paths))
CRITICAL - 2026-06-02 16:17:28 --> [Caused by] mysqli_sql_exception: You have an error in your SQL syntax; check the manual that corresponds to your MySQL server version for the right syntax to use near ')
AND `t`.`transaction_date` >= '2026-06-03'
AND `t`.`transaction_date` <= '2026' at line 3
in SYSTEMPATH\Database\MySQLi\Connection.php on line 300.
 1 SYSTEMPATH\Database\MySQLi\Connection.php(300): mysqli->query('SELECT COUNT(*) AS `numrows`
FROM `transactions` `t`
WHERE `t`.`account_code` IN ()
AND `t`.`transaction_date` >= \'2026-06-03\'
AND `t`.`transaction_date` <= \'2026-06-03\'', 0)
 2 SYSTEMPATH\Database\BaseConnection.php(910): CodeIgniter\Database\MySQLi\Connection->execute('SELECT COUNT(*) AS `numrows`
FROM `transactions` `t`
WHERE `t`.`account_code` IN ()
AND `t`.`transaction_date` >= \'2026-06-03\'
AND `t`.`transaction_date` <= \'2026-06-03\'')
 3 SYSTEMPATH\Database\BaseConnection.php(827): CodeIgniter\Database\BaseConnection->simpleQuery('SELECT COUNT(*) AS `numrows`
FROM `transactions` `t`
WHERE `t`.`account_code` IN ()
AND `t`.`transaction_date` >= \'2026-06-03\'
AND `t`.`transaction_date` <= \'2026-06-03\'')
 4 SYSTEMPATH\Database\BaseBuilder.php(1733): CodeIgniter\Database\BaseConnection->query('SELECT COUNT(*) AS `numrows`
FROM `transactions` `t`
WHERE `t`.`account_code` IN :t.account_code:
AND `t`.`transaction_date` >= :t.transaction_date:
AND `t`.`transaction_date` <= :t.transaction_date.1:', [...], false)
 5 APPPATH\Controllers\Api\Transactions.php(30): CodeIgniter\Database\BaseBuilder->countAllResults()
 6 SYSTEMPATH\CodeIgniter.php(951): App\Controllers\Api\Transactions->index()
 7 SYSTEMPATH\CodeIgniter.php(497): CodeIgniter\CodeIgniter->runController(Object(App\Controllers\Api\Transactions))
 8 SYSTEMPATH\CodeIgniter.php(340): CodeIgniter\CodeIgniter->handleRequest(null, Object(Config\Cache), false)
 9 SYSTEMPATH\Boot.php(417): CodeIgniter\CodeIgniter->run()
10 SYSTEMPATH\Boot.php(68): CodeIgniter\Boot::runCodeIgniter(Object(CodeIgniter\CodeIgniter))
11 FCPATH\index.php(59): CodeIgniter\Boot::bootWeb(Object(Config\Paths))
ERROR - 2026-06-02 16:19:33 --> You have an error in your SQL syntax; check the manual that corresponds to your MySQL server version for the right syntax to use near ')
AND `t`.`transaction_date` >= '2026-06-03'
AND `t`.`transaction_date` <= '2026' at line 3
in SYSTEMPATH\Database\MySQLi\Connection.php on line 300.
 1 SYSTEMPATH\Database\MySQLi\Connection.php(300): mysqli->query('SELECT COUNT(*) AS `numrows`
FROM `transactions` `t`
WHERE `t`.`account_code` IN ()
AND `t`.`transaction_date` >= \'2026-06-03\'
AND `t`.`transaction_date` <= \'2026-06-03\'', 0)
 2 SYSTEMPATH\Database\BaseConnection.php(910): CodeIgniter\Database\MySQLi\Connection->execute('SELECT COUNT(*) AS `numrows`
FROM `transactions` `t`
WHERE `t`.`account_code` IN ()
AND `t`.`transaction_date` >= \'2026-06-03\'
AND `t`.`transaction_date` <= \'2026-06-03\'')
 3 SYSTEMPATH\Database\BaseConnection.php(827): CodeIgniter\Database\BaseConnection->simpleQuery('SELECT COUNT(*) AS `numrows`
FROM `transactions` `t`
WHERE `t`.`account_code` IN ()
AND `t`.`transaction_date` >= \'2026-06-03\'
AND `t`.`transaction_date` <= \'2026-06-03\'')
 4 SYSTEMPATH\Database\BaseBuilder.php(1733): CodeIgniter\Database\BaseConnection->query('SELECT COUNT(*) AS `numrows`
FROM `transactions` `t`
WHERE `t`.`account_code` IN :t.account_code:
AND `t`.`transaction_date` >= :t.transaction_date:
AND `t`.`transaction_date` <= :t.transaction_date.1:', [...], false)
 5 APPPATH\Controllers\Api\Transactions.php(27): CodeIgniter\Database\BaseBuilder->countAllResults()
 6 SYSTEMPATH\CodeIgniter.php(951): App\Controllers\Api\Transactions->index()
 7 SYSTEMPATH\CodeIgniter.php(497): CodeIgniter\CodeIgniter->runController(Object(App\Controllers\Api\Transactions))
 8 SYSTEMPATH\CodeIgniter.php(340): CodeIgniter\CodeIgniter->handleRequest(null, Object(Config\Cache), false)
 9 SYSTEMPATH\Boot.php(417): CodeIgniter\CodeIgniter->run()
10 SYSTEMPATH\Boot.php(68): CodeIgniter\Boot::runCodeIgniter(Object(CodeIgniter\CodeIgniter))
11 FCPATH\index.php(59): CodeIgniter\Boot::bootWeb(Object(Config\Paths))
CRITICAL - 2026-06-02 16:19:33 --> CodeIgniter\Database\Exceptions\DatabaseException: You have an error in your SQL syntax; check the manual that corresponds to your MySQL server version for the right syntax to use near ')
AND `t`.`transaction_date` >= '2026-06-03'
AND `t`.`transaction_date` <= '2026' at line 3
[Method: GET, Route: api/transactions]
in SYSTEMPATH\Database\BaseConnection.php on line 865.
 1 SYSTEMPATH\Database\BaseBuilder.php(1733): CodeIgniter\Database\BaseConnection->query('SELECT COUNT(*) AS `numrows`
FROM `transactions` `t`
WHERE `t`.`account_code` IN :t.account_code:
AND `t`.`transaction_date` >= :t.transaction_date:
AND `t`.`transaction_date` <= :t.transaction_date.1:', [...], false)
 2 APPPATH\Controllers\Api\Transactions.php(27): CodeIgniter\Database\BaseBuilder->countAllResults()
 3 SYSTEMPATH\CodeIgniter.php(951): App\Controllers\Api\Transactions->index()
 4 SYSTEMPATH\CodeIgniter.php(497): CodeIgniter\CodeIgniter->runController(Object(App\Controllers\Api\Transactions))
 5 SYSTEMPATH\CodeIgniter.php(340): CodeIgniter\CodeIgniter->handleRequest(null, Object(Config\Cache), false)
 6 SYSTEMPATH\Boot.php(417): CodeIgniter\CodeIgniter->run()
 7 SYSTEMPATH\Boot.php(68): CodeIgniter\Boot::runCodeIgniter(Object(CodeIgniter\CodeIgniter))
 8 FCPATH\index.php(59): CodeIgniter\Boot::bootWeb(Object(Config\Paths))
CRITICAL - 2026-06-02 16:19:33 --> [Caused by] CodeIgniter\Database\Exceptions\DatabaseException: You have an error in your SQL syntax; check the manual that corresponds to your MySQL server version for the right syntax to use near ')
AND `t`.`transaction_date` >= '2026-06-03'
AND `t`.`transaction_date` <= '2026' at line 3
in SYSTEMPATH\Database\MySQLi\Connection.php on line 310.
 1 SYSTEMPATH\Database\BaseConnection.php(910): CodeIgniter\Database\MySQLi\Connection->execute('SELECT COUNT(*) AS `numrows`
FROM `transactions` `t`
WHERE `t`.`account_code` IN ()
AND `t`.`transaction_date` >= \'2026-06-03\'
AND `t`.`transaction_date` <= \'2026-06-03\'')
 2 SYSTEMPATH\Database\BaseConnection.php(827): CodeIgniter\Database\BaseConnection->simpleQuery('SELECT COUNT(*) AS `numrows`
FROM `transactions` `t`
WHERE `t`.`account_code` IN ()
AND `t`.`transaction_date` >= \'2026-06-03\'
AND `t`.`transaction_date` <= \'2026-06-03\'')
 3 SYSTEMPATH\Database\BaseBuilder.php(1733): CodeIgniter\Database\BaseConnection->query('SELECT COUNT(*) AS `numrows`
FROM `transactions` `t`
WHERE `t`.`account_code` IN :t.account_code:
AND `t`.`transaction_date` >= :t.transaction_date:
AND `t`.`transaction_date` <= :t.transaction_date.1:', [...], false)
 4 APPPATH\Controllers\Api\Transactions.php(27): CodeIgniter\Database\BaseBuilder->countAllResults()
 5 SYSTEMPATH\CodeIgniter.php(951): App\Controllers\Api\Transactions->index()
 6 SYSTEMPATH\CodeIgniter.php(497): CodeIgniter\CodeIgniter->runController(Object(App\Controllers\Api\Transactions))
 7 SYSTEMPATH\CodeIgniter.php(340): CodeIgniter\CodeIgniter->handleRequest(null, Object(Config\Cache), false)
 8 SYSTEMPATH\Boot.php(417): CodeIgniter\CodeIgniter->run()
 9 SYSTEMPATH\Boot.php(68): CodeIgniter\Boot::runCodeIgniter(Object(CodeIgniter\CodeIgniter))
10 FCPATH\index.php(59): CodeIgniter\Boot::bootWeb(Object(Config\Paths))
CRITICAL - 2026-06-02 16:19:33 --> [Caused by] mysqli_sql_exception: You have an error in your SQL syntax; check the manual that corresponds to your MySQL server version for the right syntax to use near ')
AND `t`.`transaction_date` >= '2026-06-03'
AND `t`.`transaction_date` <= '2026' at line 3
in SYSTEMPATH\Database\MySQLi\Connection.php on line 300.
 1 SYSTEMPATH\Database\MySQLi\Connection.php(300): mysqli->query('SELECT COUNT(*) AS `numrows`
FROM `transactions` `t`
WHERE `t`.`account_code` IN ()
AND `t`.`transaction_date` >= \'2026-06-03\'
AND `t`.`transaction_date` <= \'2026-06-03\'', 0)
 2 SYSTEMPATH\Database\BaseConnection.php(910): CodeIgniter\Database\MySQLi\Connection->execute('SELECT COUNT(*) AS `numrows`
FROM `transactions` `t`
WHERE `t`.`account_code` IN ()
AND `t`.`transaction_date` >= \'2026-06-03\'
AND `t`.`transaction_date` <= \'2026-06-03\'')
 3 SYSTEMPATH\Database\BaseConnection.php(827): CodeIgniter\Database\BaseConnection->simpleQuery('SELECT COUNT(*) AS `numrows`
FROM `transactions` `t`
WHERE `t`.`account_code` IN ()
AND `t`.`transaction_date` >= \'2026-06-03\'
AND `t`.`transaction_date` <= \'2026-06-03\'')
 4 SYSTEMPATH\Database\BaseBuilder.php(1733): CodeIgniter\Database\BaseConnection->query('SELECT COUNT(*) AS `numrows`
FROM `transactions` `t`
WHERE `t`.`account_code` IN :t.account_code:
AND `t`.`transaction_date` >= :t.transaction_date:
AND `t`.`transaction_date` <= :t.transaction_date.1:', [...], false)
 5 APPPATH\Controllers\Api\Transactions.php(27): CodeIgniter\Database\BaseBuilder->countAllResults()
 6 SYSTEMPATH\CodeIgniter.php(951): App\Controllers\Api\Transactions->index()
 7 SYSTEMPATH\CodeIgniter.php(497): CodeIgniter\CodeIgniter->runController(Object(App\Controllers\Api\Transactions))
 8 SYSTEMPATH\CodeIgniter.php(340): CodeIgniter\CodeIgniter->handleRequest(null, Object(Config\Cache), false)
 9 SYSTEMPATH\Boot.php(417): CodeIgniter\CodeIgniter->run()
10 SYSTEMPATH\Boot.php(68): CodeIgniter\Boot::runCodeIgniter(Object(CodeIgniter\CodeIgniter))
11 FCPATH\index.php(59): CodeIgniter\Boot::bootWeb(Object(Config\Paths))
ERROR - 2026-06-02 16:19:40 --> You have an error in your SQL syntax; check the manual that corresponds to your MySQL server version for the right syntax to use near ')
AND `t`.`transaction_date` >= '2026-06-03'
AND `t`.`transaction_date` <= '2026' at line 3
in SYSTEMPATH\Database\MySQLi\Connection.php on line 300.
 1 SYSTEMPATH\Database\MySQLi\Connection.php(300): mysqli->query('SELECT COUNT(*) AS `numrows`
FROM `transactions` `t`
WHERE `t`.`account_code` IN ()
AND `t`.`transaction_date` >= \'2026-06-03\'
AND `t`.`transaction_date` <= \'2026-06-03\'', 0)
 2 SYSTEMPATH\Database\BaseConnection.php(910): CodeIgniter\Database\MySQLi\Connection->execute('SELECT COUNT(*) AS `numrows`
FROM `transactions` `t`
WHERE `t`.`account_code` IN ()
AND `t`.`transaction_date` >= \'2026-06-03\'
AND `t`.`transaction_date` <= \'2026-06-03\'')
 3 SYSTEMPATH\Database\BaseConnection.php(827): CodeIgniter\Database\BaseConnection->simpleQuery('SELECT COUNT(*) AS `numrows`
FROM `transactions` `t`
WHERE `t`.`account_code` IN ()
AND `t`.`transaction_date` >= \'2026-06-03\'
AND `t`.`transaction_date` <= \'2026-06-03\'')
 4 SYSTEMPATH\Database\BaseBuilder.php(1733): CodeIgniter\Database\BaseConnection->query('SELECT COUNT(*) AS `numrows`
FROM `transactions` `t`
WHERE `t`.`account_code` IN :t.account_code:
AND `t`.`transaction_date` >= :t.transaction_date:
AND `t`.`transaction_date` <= :t.transaction_date.1:', [...], false)
 5 APPPATH\Controllers\Api\Transactions.php(27): CodeIgniter\Database\BaseBuilder->countAllResults()
 6 SYSTEMPATH\CodeIgniter.php(951): App\Controllers\Api\Transactions->index()
 7 SYSTEMPATH\CodeIgniter.php(497): CodeIgniter\CodeIgniter->runController(Object(App\Controllers\Api\Transactions))
 8 SYSTEMPATH\CodeIgniter.php(340): CodeIgniter\CodeIgniter->handleRequest(null, Object(Config\Cache), false)
 9 SYSTEMPATH\Boot.php(417): CodeIgniter\CodeIgniter->run()
10 SYSTEMPATH\Boot.php(68): CodeIgniter\Boot::runCodeIgniter(Object(CodeIgniter\CodeIgniter))
11 FCPATH\index.php(59): CodeIgniter\Boot::bootWeb(Object(Config\Paths))
CRITICAL - 2026-06-02 16:19:40 --> CodeIgniter\Database\Exceptions\DatabaseException: You have an error in your SQL syntax; check the manual that corresponds to your MySQL server version for the right syntax to use near ')
AND `t`.`transaction_date` >= '2026-06-03'
AND `t`.`transaction_date` <= '2026' at line 3
[Method: GET, Route: api/transactions]
in SYSTEMPATH\Database\BaseConnection.php on line 865.
 1 SYSTEMPATH\Database\BaseBuilder.php(1733): CodeIgniter\Database\BaseConnection->query('SELECT COUNT(*) AS `numrows`
FROM `transactions` `t`
WHERE `t`.`account_code` IN :t.account_code:
AND `t`.`transaction_date` >= :t.transaction_date:
AND `t`.`transaction_date` <= :t.transaction_date.1:', [...], false)
 2 APPPATH\Controllers\Api\Transactions.php(27): CodeIgniter\Database\BaseBuilder->countAllResults()
 3 SYSTEMPATH\CodeIgniter.php(951): App\Controllers\Api\Transactions->index()
 4 SYSTEMPATH\CodeIgniter.php(497): CodeIgniter\CodeIgniter->runController(Object(App\Controllers\Api\Transactions))
 5 SYSTEMPATH\CodeIgniter.php(340): CodeIgniter\CodeIgniter->handleRequest(null, Object(Config\Cache), false)
 6 SYSTEMPATH\Boot.php(417): CodeIgniter\CodeIgniter->run()
 7 SYSTEMPATH\Boot.php(68): CodeIgniter\Boot::runCodeIgniter(Object(CodeIgniter\CodeIgniter))
 8 FCPATH\index.php(59): CodeIgniter\Boot::bootWeb(Object(Config\Paths))
CRITICAL - 2026-06-02 16:19:40 --> [Caused by] CodeIgniter\Database\Exceptions\DatabaseException: You have an error in your SQL syntax; check the manual that corresponds to your MySQL server version for the right syntax to use near ')
AND `t`.`transaction_date` >= '2026-06-03'
AND `t`.`transaction_date` <= '2026' at line 3
in SYSTEMPATH\Database\MySQLi\Connection.php on line 310.
 1 SYSTEMPATH\Database\BaseConnection.php(910): CodeIgniter\Database\MySQLi\Connection->execute('SELECT COUNT(*) AS `numrows`
FROM `transactions` `t`
WHERE `t`.`account_code` IN ()
AND `t`.`transaction_date` >= \'2026-06-03\'
AND `t`.`transaction_date` <= \'2026-06-03\'')
 2 SYSTEMPATH\Database\BaseConnection.php(827): CodeIgniter\Database\BaseConnection->simpleQuery('SELECT COUNT(*) AS `numrows`
FROM `transactions` `t`
WHERE `t`.`account_code` IN ()
AND `t`.`transaction_date` >= \'2026-06-03\'
AND `t`.`transaction_date` <= \'2026-06-03\'')
 3 SYSTEMPATH\Database\BaseBuilder.php(1733): CodeIgniter\Database\BaseConnection->query('SELECT COUNT(*) AS `numrows`
FROM `transactions` `t`
WHERE `t`.`account_code` IN :t.account_code:
AND `t`.`transaction_date` >= :t.transaction_date:
AND `t`.`transaction_date` <= :t.transaction_date.1:', [...], false)
 4 APPPATH\Controllers\Api\Transactions.php(27): CodeIgniter\Database\BaseBuilder->countAllResults()
 5 SYSTEMPATH\CodeIgniter.php(951): App\Controllers\Api\Transactions->index()
 6 SYSTEMPATH\CodeIgniter.php(497): CodeIgniter\CodeIgniter->runController(Object(App\Controllers\Api\Transactions))
 7 SYSTEMPATH\CodeIgniter.php(340): CodeIgniter\CodeIgniter->handleRequest(null, Object(Config\Cache), false)
 8 SYSTEMPATH\Boot.php(417): CodeIgniter\CodeIgniter->run()
 9 SYSTEMPATH\Boot.php(68): CodeIgniter\Boot::runCodeIgniter(Object(CodeIgniter\CodeIgniter))
10 FCPATH\index.php(59): CodeIgniter\Boot::bootWeb(Object(Config\Paths))
CRITICAL - 2026-06-02 16:19:40 --> [Caused by] mysqli_sql_exception: You have an error in your SQL syntax; check the manual that corresponds to your MySQL server version for the right syntax to use near ')
AND `t`.`transaction_date` >= '2026-06-03'
AND `t`.`transaction_date` <= '2026' at line 3
in SYSTEMPATH\Database\MySQLi\Connection.php on line 300.
 1 SYSTEMPATH\Database\MySQLi\Connection.php(300): mysqli->query('SELECT COUNT(*) AS `numrows`
FROM `transactions` `t`
WHERE `t`.`account_code` IN ()
AND `t`.`transaction_date` >= \'2026-06-03\'
AND `t`.`transaction_date` <= \'2026-06-03\'', 0)
 2 SYSTEMPATH\Database\BaseConnection.php(910): CodeIgniter\Database\MySQLi\Connection->execute('SELECT COUNT(*) AS `numrows`
FROM `transactions` `t`
WHERE `t`.`account_code` IN ()
AND `t`.`transaction_date` >= \'2026-06-03\'
AND `t`.`transaction_date` <= \'2026-06-03\'')
 3 SYSTEMPATH\Database\BaseConnection.php(827): CodeIgniter\Database\BaseConnection->simpleQuery('SELECT COUNT(*) AS `numrows`
FROM `transactions` `t`
WHERE `t`.`account_code` IN ()
AND `t`.`transaction_date` >= \'2026-06-03\'
AND `t`.`transaction_date` <= \'2026-06-03\'')
 4 SYSTEMPATH\Database\BaseBuilder.php(1733): CodeIgniter\Database\BaseConnection->query('SELECT COUNT(*) AS `numrows`
FROM `transactions` `t`
WHERE `t`.`account_code` IN :t.account_code:
AND `t`.`transaction_date` >= :t.transaction_date:
AND `t`.`transaction_date` <= :t.transaction_date.1:', [...], false)
 5 APPPATH\Controllers\Api\Transactions.php(27): CodeIgniter\Database\BaseBuilder->countAllResults()
 6 SYSTEMPATH\CodeIgniter.php(951): App\Controllers\Api\Transactions->index()
 7 SYSTEMPATH\CodeIgniter.php(497): CodeIgniter\CodeIgniter->runController(Object(App\Controllers\Api\Transactions))
 8 SYSTEMPATH\CodeIgniter.php(340): CodeIgniter\CodeIgniter->handleRequest(null, Object(Config\Cache), false)
 9 SYSTEMPATH\Boot.php(417): CodeIgniter\CodeIgniter->run()
10 SYSTEMPATH\Boot.php(68): CodeIgniter\Boot::runCodeIgniter(Object(CodeIgniter\CodeIgniter))
11 FCPATH\index.php(59): CodeIgniter\Boot::bootWeb(Object(Config\Paths))
ERROR - 2026-06-02 16:23:39 --> Table 'categories' already exists
in SYSTEMPATH\Database\MySQLi\Connection.php on line 300.
 1 SYSTEMPATH\Database\MySQLi\Connection.php(300): mysqli->query('CREATE TABLE `categories` (
	`id` INT(11) UNSIGNED NOT NULL AUTO_INCREMENT,
	`name` VARCHAR(100) NOT NULL,
	`created_at` DATETIME NULL,
	`updated_at` DATETIME NULL,
	CONSTRAINT `pk_categories` PRIMARY KEY(`id`),
	KEY `name` (`name`)
) DEFAULT CHARACTER SET = utf8mb4 COLLATE = utf8mb4_general_ci', 0)
 2 SYSTEMPATH\Database\BaseConnection.php(910): CodeIgniter\Database\MySQLi\Connection->execute('CREATE TABLE `categories` (
	`id` INT(11) UNSIGNED NOT NULL AUTO_INCREMENT,
	`name` VARCHAR(100) NOT NULL,
	`created_at` DATETIME NULL,
	`updated_at` DATETIME NULL,
	CONSTRAINT `pk_categories` PRIMARY KEY(`id`),
	KEY `name` (`name`)
) DEFAULT CHARACTER SET = utf8mb4 COLLATE = utf8mb4_general_ci')
 3 SYSTEMPATH\Database\BaseConnection.php(827): CodeIgniter\Database\BaseConnection->simpleQuery('CREATE TABLE `categories` (
	`id` INT(11) UNSIGNED NOT NULL AUTO_INCREMENT,
	`name` VARCHAR(100) NOT NULL,
	`created_at` DATETIME NULL,
	`updated_at` DATETIME NULL,
	CONSTRAINT `pk_categories` PRIMARY KEY(`id`),
	KEY `name` (`name`)
) DEFAULT CHARACTER SET = utf8mb4 COLLATE = utf8mb4_general_ci')
 4 SYSTEMPATH\Database\Forge.php(570): CodeIgniter\Database\BaseConnection->query('CREATE TABLE `categories` (
	`id` INT(11) UNSIGNED NOT NULL AUTO_INCREMENT,
	`name` VARCHAR(100) NOT NULL,
	`created_at` DATETIME NULL,
	`updated_at` DATETIME NULL,
	CONSTRAINT `pk_categories` PRIMARY KEY(`id`),
	KEY `name` (`name`)
) DEFAULT CHARACTER SET = utf8mb4 COLLATE = utf8mb4_general_ci')
 5 APPPATH\Database\Migrations\2026-04-25-000001_CreateStoreSchema.php(34): CodeIgniter\Database\Forge->createTable('categories')
 6 SYSTEMPATH\Database\MigrationRunner.php(1014): App\Database\Migrations\CreateStoreSchema->up()
 7 SYSTEMPATH\Database\MigrationRunner.php(202): CodeIgniter\Database\MigrationRunner->migrate('up', Object(stdClass))
 8 SYSTEMPATH\Commands\Database\Migrate.php(89): CodeIgniter\Database\MigrationRunner->latest(null)
 9 SYSTEMPATH\CLI\SignalTrait.php(245): CodeIgniter\Commands\Database\Migrate::CodeIgniter\Commands\Database\{closure}()
10 SYSTEMPATH\Commands\Database\Migrate.php(88): CodeIgniter\Commands\Database\Migrate->withSignalsBlocked(Object(Closure))
11 SYSTEMPATH\CLI\Commands.php(74): CodeIgniter\Commands\Database\Migrate->run([])
12 SYSTEMPATH\CLI\Console.php(47): CodeIgniter\CLI\Commands->run('migrate', [])
13 SYSTEMPATH\Boot.php(442): CodeIgniter\CLI\Console->run()
14 SYSTEMPATH\Boot.php(166): CodeIgniter\Boot::runCommand(Object(CodeIgniter\CLI\Console))
15 ROOTPATH\spark(87): CodeIgniter\Boot::bootSpark(Object(Config\Paths))
ERROR - 2026-06-02 16:36:43 --> Unknown column 'currency' in 'field list'
in SYSTEMPATH\Database\MySQLi\Connection.php on line 300.
 1 SYSTEMPATH\Database\MySQLi\Connection.php(300): mysqli->query('INSERT INTO `transactions` (`account_code`, `created_at`, `credit`, `currency`, `debit`, `description`, `exchange_rate`, `original_amount`, `reference_no`, `transaction_date`)
VALUES (\'1200\',\'2026-06-02 16:36:43\',0,\'RMB\',8.29,\'Purchase PO-20260602-163642\',7.6,63,\'PO-20260602-163642\',\'2026-06-03\'), (\'1010\',\'2026-06-02 16:36:43\',8.29,\'RMB\',0,\'Purchase PO-20260602-163642\',7.6,63,\'PO-20260602-163642\',\'2026-06-03\')', 0)
 2 SYSTEMPATH\Database\BaseConnection.php(910): CodeIgniter\Database\MySQLi\Connection->execute('INSERT INTO `transactions` (`account_code`, `created_at`, `credit`, `currency`, `debit`, `description`, `exchange_rate`, `original_amount`, `reference_no`, `transaction_date`)
VALUES (\'1200\',\'2026-06-02 16:36:43\',0,\'RMB\',8.29,\'Purchase PO-20260602-163642\',7.6,63,\'PO-20260602-163642\',\'2026-06-03\'), (\'1010\',\'2026-06-02 16:36:43\',8.29,\'RMB\',0,\'Purchase PO-20260602-163642\',7.6,63,\'PO-20260602-163642\',\'2026-06-03\')')
 3 SYSTEMPATH\Database\BaseConnection.php(827): CodeIgniter\Database\BaseConnection->simpleQuery('INSERT INTO `transactions` (`account_code`, `created_at`, `credit`, `currency`, `debit`, `description`, `exchange_rate`, `original_amount`, `reference_no`, `transaction_date`)
VALUES (\'1200\',\'2026-06-02 16:36:43\',0,\'RMB\',8.29,\'Purchase PO-20260602-163642\',7.6,63,\'PO-20260602-163642\',\'2026-06-03\'), (\'1010\',\'2026-06-02 16:36:43\',8.29,\'RMB\',0,\'Purchase PO-20260602-163642\',7.6,63,\'PO-20260602-163642\',\'2026-06-03\')')
 4 SYSTEMPATH\Database\BaseBuilder.php(1841): CodeIgniter\Database\BaseConnection->query('INSERT INTO `transactions` (`account_code`, `created_at`, `credit`, `currency`, `debit`, `description`, `exchange_rate`, `original_amount`, `reference_no`, `transaction_date`)
VALUES (\'1200\',\'2026-06-02 16:36:43\',0,\'RMB\',8.29,\'Purchase PO-20260602-163642\',7.6,63,\'PO-20260602-163642\',\'2026-06-03\'), (\'1010\',\'2026-06-02 16:36:43\',8.29,\'RMB\',0,\'Purchase PO-20260602-163642\',7.6,63,\'PO-20260602-163642\',\'2026-06-03\')', null, false)
 5 SYSTEMPATH\Database\BaseBuilder.php(2230): CodeIgniter\Database\BaseBuilder->batchExecute('_insertBatch', 100)
 6 APPPATH\Libraries\LedgerService.php(145): CodeIgniter\Database\BaseBuilder->insertBatch([...])
 7 APPPATH\Libraries\LedgerService.php(33): App\Libraries\LedgerService->postPair(Object(CodeIgniter\Database\MySQLi\Connection), 'PO-20260602-163642', '2026-06-03', '1200', '1010', 63.0, 'Purchase PO-20260602-163642', 'RMB', '1010')
 8 APPPATH\Controllers\Api\Purchases.php(454): App\Libraries\LedgerService->recordPurchase(Object(CodeIgniter\Database\MySQLi\Connection), 'PO-20260602-163642', '2026-06-03', 63.0, 'bank_transfer', 'Purchase PO-20260602-163642', 'RMB')
 9 SYSTEMPATH\CodeIgniter.php(951): App\Controllers\Api\Purchases->create()
10 SYSTEMPATH\CodeIgniter.php(497): CodeIgniter\CodeIgniter->runController(Object(App\Controllers\Api\Purchases))
11 SYSTEMPATH\CodeIgniter.php(340): CodeIgniter\CodeIgniter->handleRequest(null, Object(Config\Cache), false)
12 SYSTEMPATH\Boot.php(417): CodeIgniter\CodeIgniter->run()
13 SYSTEMPATH\Boot.php(68): CodeIgniter\Boot::runCodeIgniter(Object(CodeIgniter\CodeIgniter))
14 FCPATH\index.php(59): CodeIgniter\Boot::bootWeb(Object(Config\Paths))
